Log file open, 11/20/22 14:01:26
LogInit: Display: Running engine for game: LearningProject
LogPlatformFile: Not using cached read wrapper
LogTaskGraph: Started task graph with 5 named threads and 47 total threads with 3 sets of task threads.
LogStats: Stats thread started at 1.150104
LogD3D11RHI: Loaded GFSDK_Aftermath_Lib.x64.dll
LogICUInternationalization: ICU TimeZone Detection - Raw Offset: +10:00, Platform Override: ''
LogPluginManager: Mounting plugin Paper2D
LogPluginManager: Mounting plugin AISupport
LogPluginManager: Mounting plugin LightPropagationVolume
LogPluginManager: Mounting plugin CameraShakePreviewer
LogPluginManager: Mounting plugin ActorLayerUtilities
LogPluginManager: Mounting plugin AnimationSharing
LogPluginManager: Mounting plugin CLionSourceCodeAccess
LogPluginManager: Mounting plugin CodeLiteSourceCodeAccess
LogPluginManager: Mounting plugin GitSourceControl
LogPluginManager: Mounting plugin KDevelopSourceCodeAccess
LogPluginManager: Mounting plugin NullSourceCodeAccess
LogPluginManager: Mounting plugin PerforceSourceControl
LogPluginManager: Mounting plugin PlasticSourceControl
LogPluginManager: Mounting plugin RiderSourceCodeAccess
LogPluginManager: Mounting plugin SubversionSourceControl
LogPluginManager: Mounting plugin UObjectPlugin
LogPluginManager: Mounting plugin VisualStudioCodeSourceCodeAccess
LogPluginManager: Mounting plugin VisualStudioSourceCodeAccess
LogPluginManager: Mounting plugin XCodeSourceCodeAccess
LogPluginManager: Mounting plugin AssetManagerEditor
LogPluginManager: Mounting plugin CryptoKeys
LogPluginManager: Mounting plugin CurveEditorTools
LogPluginManager: Mounting plugin DataValidation
LogPluginManager: Mounting plugin EditorScriptingUtilities
LogPluginManager: Mounting plugin FacialAnimation
LogPluginManager: Mounting plugin GameplayTagsEditor
LogPluginManager: Mounting plugin GeometryMode
LogPluginManager: Mounting plugin MacGraphicsSwitching
LogPluginManager: Mounting plugin MaterialAnalyzer
LogPluginManager: Mounting plugin MobileLauncherProfileWizard
LogPluginManager: Mounting plugin PluginBrowser
LogPluginManager: Mounting plugin SpeedTreeImporter
LogPluginManager: Mounting plugin DatasmithContent
LogPluginManager: Mounting plugin VariantManagerContent
LogPluginManager: Mounting plugin AlembicImporter
LogPluginManager: Mounting plugin AutomationUtils
LogPluginManager: Mounting plugin BackChannel
LogPluginManager: Mounting plugin ChaosCloth
LogPluginManager: Mounting plugin ChaosClothEditor
LogPluginManager: Mounting plugin ChaosEditor
LogPluginManager: Mounting plugin ChaosNiagara
LogPluginManager: Mounting plugin ChaosSolverPlugin
LogPluginManager: Mounting plugin CharacterAI
LogPluginManager: Mounting plugin GeometryCache
LogPluginManager: Mounting plugin GeometryCollectionPlugin
LogPluginManager: Mounting plugin GeometryProcessing
LogPluginManager: Mounting plugin PlanarCut
LogPluginManager: Mounting plugin PlatformCrypto
LogPluginManager: Mounting plugin ProxyLODPlugin
LogPluginManager: Mounting plugin SkeletalReduction
LogPluginManager: Mounting plugin Niagara
LogPluginManager: Mounting plugin MagicLeap
LogPluginManager: Mounting plugin MagicLeapLightEstimation
LogPluginManager: Mounting plugin MagicLeapMedia
LogPluginManager: Mounting plugin MagicLeapPassableWorld
LogPluginManager: Mounting plugin MLSDK
LogPluginManager: Mounting plugin AndroidMedia
LogPluginManager: Mounting plugin AvfMedia
LogPluginManager: Mounting plugin ImgMedia
LogPluginManager: Mounting plugin MediaCompositing
LogPluginManager: Mounting plugin MediaPlayerEditor
LogPluginManager: Mounting plugin WebMMedia
LogPluginManager: Mounting plugin WmfMedia
LogPluginManager: Mounting plugin MeshPainting
LogPluginManager: Mounting plugin TcpMessaging
LogPluginManager: Mounting plugin UdpMessaging
LogPluginManager: Mounting plugin ActorSequence
LogPluginManager: Mounting plugin LevelSequenceEditor
LogPluginManager: Mounting plugin MatineeToLevelSequence
LogPluginManager: Mounting plugin MovieRenderPipeline
LogPluginManager: Mounting plugin TemplateSequence
LogPluginManager: Mounting plugin NetcodeUnitTest
LogPluginManager: Mounting plugin NUTUnrealEngine4
LogPluginManager: Mounting plugin OnlineSubsystemGooglePlay
LogPluginManager: Mounting plugin OnlineSubsystemIOS
LogPluginManager: Mounting plugin OnlineSubsystem
LogPluginManager: Mounting plugin OnlineSubsystemNull
LogPluginManager: Mounting plugin OnlineSubsystemUtils
LogPluginManager: Mounting plugin LauncherChunkInstaller
LogPluginManager: Mounting plugin AndroidDeviceProfileSelector
LogPluginManager: Mounting plugin AndroidMoviePlayer
LogPluginManager: Mounting plugin AndroidPermission
LogPluginManager: Mounting plugin AppleImageUtils
LogPluginManager: Mounting plugin AppleMoviePlayer
LogPluginManager: Mounting plugin ArchVisCharacter
LogPluginManager: Mounting plugin AssetTags
LogPluginManager: Mounting plugin AudioCapture
LogPluginManager: Mounting plugin CableComponent
LogPluginManager: Mounting plugin CustomMeshComponent
LogPluginManager: Mounting plugin EditableMesh
LogPluginManager: Mounting plugin ExampleDeviceProfileSelector
LogPluginManager: Mounting plugin GoogleCloudMessaging
LogPluginManager: Mounting plugin GooglePAD
LogPluginManager: Mounting plugin IOSDeviceProfileSelector
LogPluginManager: Mounting plugin LinuxDeviceProfileSelector
LogPluginManager: Mounting plugin LocationServicesBPLibrary
LogPluginManager: Mounting plugin MobilePatchingUtils
LogPluginManager: Mounting plugin OculusVR
LogPluginManager: Mounting plugin PhysXVehicles
LogPluginManager: Mounting plugin PostSplashScreen
LogPluginManager: Mounting plugin ProceduralMeshComponent
LogPluginManager: Mounting plugin RuntimePhysXCooking
LogPluginManager: Mounting plugin SignificanceManager
LogPluginManager: Mounting plugin SoundFields
LogPluginManager: Mounting plugin SteamVR
LogPluginManager: Mounting plugin Synthesis
LogPluginManager: Mounting plugin WebMMoviePlayer
LogPluginManager: Mounting plugin WindowsMoviePlayer
LogPluginManager: Mounting plugin ScreenshotTools
LogInit: Using libcurl 7.55.1-DEV
LogInit:  - built for x86_64-pc-win32
LogInit:  - supports SSL with OpenSSL/1.1.1
LogInit:  - supports HTTP deflate (compression) using libz 1.2.8
LogInit:  - other features:
LogInit:      CURL_VERSION_SSL
LogInit:      CURL_VERSION_LIBZ
LogInit:      CURL_VERSION_IPV6
LogInit:      CURL_VERSION_ASYNCHDNS
LogInit:      CURL_VERSION_LARGEFILE
LogInit:      CURL_VERSION_IDN
LogInit:  CurlRequestOptions (configurable via config and command line):
LogInit:  - bVerifyPeer = true  - Libcurl will verify peer certificate
LogInit:  - bUseHttpProxy = false  - Libcurl will NOT use HTTP proxy
LogInit:  - bDontReuseConnections = false  - Libcurl will reuse connections
LogInit:  - MaxHostConnections = 16  - Libcurl will limit the number of connections to a host
LogInit:  - LocalHostAddr = Default
LogInit:  - BufferSize = 65536
LogOnline: OSS: Creating online subsystem instance for: NULL
LogInit: WinSock: version 1.1 (2.2), MaxSocks=32767, MaxUdp=65467
LogOnline: OSS: TryLoadSubsystemAndSetDefault: Loaded subsystem for module [NULL]
LogInit: Build: ++UE4+Release-4.25-CL-14469661
LogInit: Engine Version: 4.25.4-14469661+++UE4+Release-4.25
LogInit: Compatible Engine Version: 4.25.0-13144385+++UE4+Release-4.25
LogInit: Net CL: 13144385
LogInit: OS: Windows 10 (Release 2009) (), CPU: Intel(R) Core(TM) i7-10700K CPU @ 3.80GHz, GPU: NVIDIA GeForce GTX 1060 3GB
LogInit: Compiled (64-bit): Oct 11 2020 08:10:49
LogInit: Compiled with Visual C++: 19.24.28315.00
LogInit: Build Configuration: Development
LogInit: Branch Name: ++UE4+Release-4.25
LogInit: Command Line:  -skipcompile
LogInit: Base Directory: M:/Epic Games/UE_4.25/Engine/Binaries/Win64/
LogInit: Allocator: TBB
LogInit: Installed Engine Build: 1
LogDevObjectVersion: Number of dev versions registered: 26
LogDevObjectVersion:   Dev-Blueprints (B0D832E4-1F89-4F0D-ACCF-7EB736FD4AA2): 10
LogDevObjectVersion:   Dev-Build (E1C64328-A22C-4D53-A36C-8E866417BD8C): 0
LogDevObjectVersion:   Dev-Core (375EC13C-06E4-48FB-B500-84F0262A717E): 4
LogDevObjectVersion:   Dev-Editor (E4B068ED-F494-42E9-A231-DA0B2E46BB41): 38
LogDevObjectVersion:   Dev-Framework (CFFC743F-43B0-4480-9391-14DF171D2073): 37
LogDevObjectVersion:   Dev-Mobile (B02B49B5-BB20-44E9-A304-32B752E40360): 2
LogDevObjectVersion:   Dev-Networking (A4E4105C-59A1-49B5-A7C5-40C4547EDFEE): 0
LogDevObjectVersion:   Dev-Online (39C831C9-5AE6-47DC-9A44-9C173E1C8E7C): 0
LogDevObjectVersion:   Dev-Physics (78F01B33-EBEA-4F98-B9B4-84EACCB95AA2): 4
LogDevObjectVersion:   Dev-Platform (6631380F-2D4D-43E0-8009-CF276956A95A): 0
LogDevObjectVersion:   Dev-Rendering (12F88B9F-8875-4AFC-A67C-D90C383ABD29): 43
LogDevObjectVersion:   Dev-Sequencer (7B5AE74C-D270-4C10-A958-57980B212A5A): 12
LogDevObjectVersion:   Dev-VR (D7296918-1DD6-4BDD-9DE2-64A83CC13884): 3
LogDevObjectVersion:   Dev-LoadTimes (C2A15278-BFE7-4AFE-6C17-90FF531DF755): 1
LogDevObjectVersion:   Private-Geometry (6EACA3D4-40EC-4CC1-B786-8BED09428FC5): 3
LogDevObjectVersion:   Dev-AnimPhys (29E575DD-E0A3-4627-9D10-D276232CDCEA): 17
LogDevObjectVersion:   Dev-Anim (AF43A65D-7FD3-4947-9873-3E8ED9C1BB05): 7
LogDevObjectVersion:   Dev-ReflectionCapture (6B266CEC-1EC7-4B8F-A30B-E4D90942FC07): 1
LogDevObjectVersion:   Dev-Automation (0DF73D61-A23F-47EA-B727-89E90C41499A): 1
LogDevObjectVersion:   FortniteMain (601D1886-AC64-4F84-AA16-D3DE0DEAC7D6): 31
LogDevObjectVersion:   Dev-Enterprise (9DFFBCD6-494F-0158-E221-12823C92A888): 10
LogDevObjectVersion:   Dev-Niagara (F2AED0AC-9AFE-416F-8664-AA7FFA26D6FC): 1
LogDevObjectVersion:   Dev-Destruction (174F1F0B-B4C6-45A5-B13F-2EE8D0FB917D): 10
LogDevObjectVersion:   Dev-Physics-Ext (35F94A83-E258-406C-A318-09F59610247C): 37
LogDevObjectVersion:   Dev-PhysicsMaterial-Chaos (B68FC16E-8B1B-42E2-B453-215C058844FE): 1
LogDevObjectVersion:   Dev-CineCamera (B2E18506-4273-CFC2-A54E-F4BB758BBA07): 1
LogInit: Presizing for max 25165824 objects, including 0 objects not considered by GC, pre-allocating 0 bytes for permanent pool.
LogConfig: Applying CVar settings from Section [/Script/Engine.StreamingSettings] File [M:/Projects/LearningProject_Cpy/Saved/Config/Windows/Engine.ini]
LogConfig: Setting CVar [[s.MinBulkDataSizeForAsyncLoading:131072]]
LogConfig: Setting CVar [[s.AsyncLoadingThreadEnabled:0]]
LogConfig: Setting CVar [[s.EventDrivenLoaderEnabled:1]]
LogConfig: Setting CVar [[s.WarnIfTimeLimitExceeded:0]]
LogConfig: Setting CVar [[s.TimeLimitExceededMultiplier:1.5]]
LogConfig: Setting CVar [[s.TimeLimitExceededMinTime:0.005]]
LogConfig: Setting CVar [[s.UseBackgroundLevelStreaming:1]]
LogConfig: Setting CVar [[s.PriorityAsyncLoadingExtraTime:15.0]]
LogConfig: Setting CVar [[s.LevelStreamingActorsUpdateTimeLimit:5.0]]
LogConfig: Setting CVar [[s.PriorityLevelStreamingActorsUpdateExtraTime:5.0]]
LogConfig: Setting CVar [[s.LevelStreamingComponentsRegistrationGranularity:10]]
LogConfig: Setting CVar [[s.UnregisterComponentsTimeLimit:1.0]]
LogConfig: Setting CVar [[s.LevelStreamingComponentsUnregistrationGranularity:5]]
LogConfig: Setting CVar [[s.FlushStreamingOnExit:1]]
LogInit: Object subsystem initialized
LogConfig: Setting CVar [[con.DebugEarlyDefault:1]]
LogConfig: Setting CVar [[r.setres:1280x720]]
[2022.11.20-03.01.27:883][  0]LogConfig: Setting CVar [[r.VSync:0]]
[2022.11.20-03.01.27:883][  0]LogConfig: Setting CVar [[r.RHICmdBypass:0]]
[2022.11.20-03.01.27:884][  0]LogConfig: Applying CVar settings from Section [/Script/Engine.RendererSettings] File [M:/Projects/LearningProject_Cpy/Saved/Config/Windows/Engine.ini]
[2022.11.20-03.01.27:884][  0]LogConfig: Setting CVar [[r.GPUCrashDebugging:0]]
[2022.11.20-03.01.27:884][  0]LogConfig: Setting CVar [[r.DefaultFeature.AutoExposure.ExtendDefaultLuminanceRange:1]]
[2022.11.20-03.01.27:884][  0]LogConfig: Applying CVar settings from Section [/Script/Engine.RendererOverrideSettings] File [M:/Projects/LearningProject_Cpy/Saved/Config/Windows/Engine.ini]
[2022.11.20-03.01.27:884][  0]LogConfig: Applying CVar settings from Section [/Script/Engine.StreamingSettings] File [M:/Projects/LearningProject_Cpy/Saved/Config/Windows/Engine.ini]
[2022.11.20-03.01.27:884][  0]LogConfig: Setting CVar [[s.MinBulkDataSizeForAsyncLoading:131072]]
[2022.11.20-03.01.27:885][  0]LogConfig: Setting CVar [[s.AsyncLoadingThreadEnabled:0]]
[2022.11.20-03.01.27:885][  0]LogConfig: Setting CVar [[s.EventDrivenLoaderEnabled:1]]
[2022.11.20-03.01.27:885][  0]LogConfig: Setting CVar [[s.WarnIfTimeLimitExceeded:0]]
[2022.11.20-03.01.27:885][  0]LogConfig: Setting CVar [[s.TimeLimitExceededMultiplier:1.5]]
[2022.11.20-03.01.27:885][  0]LogConfig: Setting CVar [[s.TimeLimitExceededMinTime:0.005]]
[2022.11.20-03.01.27:885][  0]LogConfig: Setting CVar [[s.UseBackgroundLevelStreaming:1]]
[2022.11.20-03.01.27:885][  0]LogConfig: Setting CVar [[s.PriorityAsyncLoadingExtraTime:15.0]]
[2022.11.20-03.01.27:885][  0]LogConfig: Setting CVar [[s.LevelStreamingActorsUpdateTimeLimit:5.0]]
[2022.11.20-03.01.27:885][  0]LogConfig: Setting CVar [[s.PriorityLevelStreamingActorsUpdateExtraTime:5.0]]
[2022.11.20-03.01.27:885][  0]LogConfig: Setting CVar [[s.LevelStreamingComponentsRegistrationGranularity:10]]
[2022.11.20-03.01.27:885][  0]LogConfig: Setting CVar [[s.UnregisterComponentsTimeLimit:1.0]]
[2022.11.20-03.01.27:885][  0]LogConfig: Setting CVar [[s.LevelStreamingComponentsUnregistrationGranularity:5]]
[2022.11.20-03.01.27:885][  0]LogConfig: Setting CVar [[s.FlushStreamingOnExit:1]]
[2022.11.20-03.01.27:885][  0]LogConfig: Applying CVar settings from Section [/Script/Engine.GarbageCollectionSettings] File [M:/Projects/LearningProject_Cpy/Saved/Config/Windows/Engine.ini]
[2022.11.20-03.01.27:885][  0]LogConfig: Setting CVar [[gc.MaxObjectsNotConsideredByGC:1]]
[2022.11.20-03.01.27:885][  0]LogConfig: Setting CVar [[gc.SizeOfPermanentObjectPool:0]]
[2022.11.20-03.01.27:885][  0]LogConfig: Setting CVar [[gc.FlushStreamingOnGC:0]]
[2022.11.20-03.01.27:885][  0]LogConfig: Setting CVar [[gc.NumRetriesBeforeForcingGC:10]]
[2022.11.20-03.01.27:886][  0]LogConfig: Setting CVar [[gc.AllowParallelGC:1]]
[2022.11.20-03.01.27:886][  0]LogConfig: Setting CVar [[gc.TimeBetweenPurgingPendingKillObjects:61.1]]
[2022.11.20-03.01.27:886][  0]LogConfig: Setting CVar [[gc.MaxObjectsInEditor:25165824]]
[2022.11.20-03.01.27:886][  0]LogConfig: Setting CVar [[gc.IncrementalBeginDestroyEnabled:1]]
[2022.11.20-03.01.27:886][  0]LogConfig: Setting CVar [[gc.CreateGCClusters:1]]
[2022.11.20-03.01.27:886][  0]LogConfig: Setting CVar [[gc.MinGCClusterSize:5]]
[2022.11.20-03.01.27:886][  0]LogConfig: Setting CVar [[gc.ActorClusteringEnabled:0]]
[2022.11.20-03.01.27:886][  0]LogConfig: Setting CVar [[gc.BlueprintClusteringEnabled:0]]
[2022.11.20-03.01.27:886][  0]LogConfig: Setting CVar [[gc.UseDisregardForGCOnDedicatedServers:0]]
[2022.11.20-03.01.27:886][  0]LogConfig: Applying CVar settings from Section [/Script/Engine.NetworkSettings] File [M:/Projects/LearningProject_Cpy/Saved/Config/Windows/Engine.ini]
[2022.11.20-03.01.27:886][  0]LogConfig: Applying CVar settings from Section [/Script/UnrealEd.CookerSettings] File [M:/Projects/LearningProject_Cpy/Saved/Config/Windows/Engine.ini]
[2022.11.20-03.01.27:894][  0]LogConfig: Applying CVar settings from Section [ViewDistanceQuality@3] File [M:/Projects/LearningProject_Cpy/Saved/Config/Windows/Scalability.ini]
[2022.11.20-03.01.27:894][  0]LogConfig: Setting CVar [[r.SkeletalMeshLODBias:0]]
[2022.11.20-03.01.27:895][  0]LogConfig: Setting CVar [[r.ViewDistanceScale:1.0]]
[2022.11.20-03.01.27:895][  0]LogConfig: Applying CVar settings from Section [AntiAliasingQuality@3] File [M:/Projects/LearningProject_Cpy/Saved/Config/Windows/Scalability.ini]
[2022.11.20-03.01.27:895][  0]LogConfig: Setting CVar [[r.PostProcessAAQuality:4]]
[2022.11.20-03.01.27:895][  0]LogConfig: Applying CVar settings from Section [ShadowQuality@3] File [M:/Projects/LearningProject_Cpy/Saved/Config/Windows/Scalability.ini]
[2022.11.20-03.01.27:895][  0]LogConfig: Setting CVar [[r.LightFunctionQuality:1]]
[2022.11.20-03.01.27:895][  0]LogConfig: Setting CVar [[r.ShadowQuality:5]]
[2022.11.20-03.01.27:895][  0]LogConfig: Setting CVar [[r.Shadow.CSM.MaxCascades:10]]
[2022.11.20-03.01.27:895][  0]LogConfig: Setting CVar [[r.Shadow.MaxResolution:2048]]
[2022.11.20-03.01.27:895][  0]LogConfig: Setting CVar [[r.Shadow.MaxCSMResolution:2048]]
[2022.11.20-03.01.27:895][  0]LogConfig: Setting CVar [[r.Shadow.RadiusThreshold:0.01]]
[2022.11.20-03.01.27:895][  0]LogConfig: Setting CVar [[r.Shadow.DistanceScale:1.0]]
[2022.11.20-03.01.27:895][  0]LogConfig: Setting CVar [[r.Shadow.CSM.TransitionScale:1.0]]
[2022.11.20-03.01.27:895][  0]LogConfig: Setting CVar [[r.Shadow.PreShadowResolutionFactor:1.0]]
[2022.11.20-03.01.27:895][  0]LogConfig: Setting CVar [[r.DistanceFieldShadowing:1]]
[2022.11.20-03.01.27:895][  0]LogConfig: Setting CVar [[r.DistanceFieldAO:1]]
[2022.11.20-03.01.27:895][  0]LogConfig: Setting CVar [[r.AOQuality:2]]
[2022.11.20-03.01.27:895][  0]LogConfig: Setting CVar [[r.VolumetricFog:1]]
[2022.11.20-03.01.27:895][  0]LogConfig: Setting CVar [[r.VolumetricFog.GridPixelSize:8]]
[2022.11.20-03.01.27:895][  0]LogConfig: Setting CVar [[r.VolumetricFog.GridSizeZ:128]]
[2022.11.20-03.01.27:895][  0]LogConfig: Setting CVar [[r.VolumetricFog.HistoryMissSupersampleCount:4]]
[2022.11.20-03.01.27:895][  0]LogConfig: Setting CVar [[r.LightMaxDrawDistanceScale:1]]
[2022.11.20-03.01.27:895][  0]LogConfig: Setting CVar [[r.CapsuleShadows:1]]
[2022.11.20-03.01.27:895][  0]LogConfig: Applying CVar settings from Section [PostProcessQuality@3] File [M:/Projects/LearningProject_Cpy/Saved/Config/Windows/Scalability.ini]
[2022.11.20-03.01.27:896][  0]LogConfig: Setting CVar [[r.MotionBlurQuality:4]]
[2022.11.20-03.01.27:896][  0]LogConfig: Setting CVar [[r.AmbientOcclusionMipLevelFactor:0.4]]
[2022.11.20-03.01.27:896][  0]LogConfig: Setting CVar [[r.AmbientOcclusionMaxQuality:100]]
[2022.11.20-03.01.27:896][  0]LogConfig: Setting CVar [[r.AmbientOcclusionLevels:-1]]
[2022.11.20-03.01.27:896][  0]LogConfig: Setting CVar [[r.AmbientOcclusionRadiusScale:1.0]]
[2022.11.20-03.01.27:896][  0]LogConfig: Setting CVar [[r.DepthOfFieldQuality:2]]
[2022.11.20-03.01.27:896][  0]LogConfig: Setting CVar [[r.RenderTargetPoolMin:400]]
[2022.11.20-03.01.27:896][  0]LogConfig: Setting CVar [[r.LensFlareQuality:2]]
[2022.11.20-03.01.27:896][  0]LogConfig: Setting CVar [[r.SceneColorFringeQuality:1]]
[2022.11.20-03.01.27:896][  0]LogConfig: Setting CVar [[r.EyeAdaptationQuality:2]]
[2022.11.20-03.01.27:896][  0]LogConfig: Setting CVar [[r.BloomQuality:5]]
[2022.11.20-03.01.27:896][  0]LogConfig: Setting CVar [[r.FastBlurThreshold:100]]
[2022.11.20-03.01.27:896][  0]LogConfig: Setting CVar [[r.Upscale.Quality:3]]
[2022.11.20-03.01.27:896][  0]LogConfig: Setting CVar [[r.Tonemapper.GrainQuantization:1]]
[2022.11.20-03.01.27:896][  0]LogConfig: Setting CVar [[r.LightShaftQuality:1]]
[2022.11.20-03.01.27:896][  0]LogConfig: Setting CVar [[r.Filter.SizeScale:1]]
[2022.11.20-03.01.27:896][  0]LogConfig: Setting CVar [[r.Tonemapper.Quality:5]]
[2022.11.20-03.01.27:896][  0]LogConfig: Setting CVar [[r.DOF.Gather.AccumulatorQuality:1        ; higher gathering accumulator quality]]
[2022.11.20-03.01.27:896][  0]LogConfig: Setting CVar [[r.DOF.Gather.PostfilterMethod:1          ; Median3x3 postfilering method]]
[2022.11.20-03.01.27:896][  0]LogConfig: Setting CVar [[r.DOF.Gather.EnableBokehSettings:0       ; no bokeh simulation when gathering]]
[2022.11.20-03.01.27:896][  0]LogConfig: Setting CVar [[r.DOF.Gather.RingCount:4                 ; medium number of samples when gathering]]
[2022.11.20-03.01.27:896][  0]LogConfig: Setting CVar [[r.DOF.Scatter.ForegroundCompositing:1    ; additive foreground scattering]]
[2022.11.20-03.01.27:896][  0]LogConfig: Setting CVar [[r.DOF.Scatter.BackgroundCompositing:2    ; additive background scattering]]
[2022.11.20-03.01.27:897][  0]LogConfig: Setting CVar [[r.DOF.Scatter.EnableBokehSettings:1      ; bokeh simulation when scattering]]
[2022.11.20-03.01.27:897][  0]LogConfig: Setting CVar [[r.DOF.Scatter.MaxSpriteRatio:0.1         ; only a maximum of 10% of scattered bokeh]]
[2022.11.20-03.01.27:897][  0]LogConfig: Setting CVar [[r.DOF.Recombine.Quality:1                ; cheap slight out of focus]]
[2022.11.20-03.01.27:897][  0]LogConfig: Setting CVar [[r.DOF.Recombine.EnableBokehSettings:0    ; no bokeh simulation on slight out of focus]]
[2022.11.20-03.01.27:897][  0]LogConfig: Setting CVar [[r.DOF.TemporalAAQuality:1                ; more stable temporal accumulation]]
[2022.11.20-03.01.27:897][  0]LogConfig: Setting CVar [[r.DOF.Kernel.MaxForegroundRadius:0.025]]
[2022.11.20-03.01.27:897][  0]LogConfig: Setting CVar [[r.DOF.Kernel.MaxBackgroundRadius:0.025]]
[2022.11.20-03.01.27:897][  0]LogConfig: Applying CVar settings from Section [TextureQuality@3] File [M:/Projects/LearningProject_Cpy/Saved/Config/Windows/Scalability.ini]
[2022.11.20-03.01.27:897][  0]LogConfig: Setting CVar [[r.Streaming.MipBias:0]]
[2022.11.20-03.01.27:897][  0]LogConfig: Setting CVar [[r.Streaming.AmortizeCPUToGPUCopy:0]]
[2022.11.20-03.01.27:897][  0]LogConfig: Setting CVar [[r.Streaming.MaxNumTexturesToStreamPerFrame:0]]
[2022.11.20-03.01.27:897][  0]LogConfig: Setting CVar [[r.Streaming.Boost:1]]
[2022.11.20-03.01.27:897][  0]LogConfig: Setting CVar [[r.MaxAnisotropy:8]]
[2022.11.20-03.01.27:897][  0]LogConfig: Setting CVar [[r.VT.MaxAnisotropy:8]]
[2022.11.20-03.01.27:897][  0]LogConfig: Setting CVar [[r.Streaming.LimitPoolSizeToVRAM:0]]
[2022.11.20-03.01.27:897][  0]LogConfig: Setting CVar [[r.Streaming.PoolSize:1000]]
[2022.11.20-03.01.27:897][  0]LogConfig: Setting CVar [[r.Streaming.MaxEffectiveScreenSize:0]]
[2022.11.20-03.01.27:897][  0]LogConfig: Applying CVar settings from Section [EffectsQuality@3] File [M:/Projects/LearningProject_Cpy/Saved/Config/Windows/Scalability.ini]
[2022.11.20-03.01.27:897][  0]LogConfig: Setting CVar [[r.TranslucencyLightingVolumeDim:64]]
[2022.11.20-03.01.27:897][  0]LogConfig: Setting CVar [[r.RefractionQuality:2]]
[2022.11.20-03.01.27:897][  0]LogConfig: Setting CVar [[r.SSR.Quality:3]]
[2022.11.20-03.01.27:897][  0]LogConfig: Setting CVar [[r.SSR.HalfResSceneColor:0]]
[2022.11.20-03.01.27:898][  0]LogConfig: Setting CVar [[r.SceneColorFormat:4]]
[2022.11.20-03.01.27:898][  0]LogConfig: Setting CVar [[r.DetailMode:2]]
[2022.11.20-03.01.27:898][  0]LogConfig: Setting CVar [[r.TranslucencyVolumeBlur:1]]
[2022.11.20-03.01.27:898][  0]LogConfig: Setting CVar [[r.MaterialQualityLevel:1 ; High quality]]
[2022.11.20-03.01.27:898][  0]LogConfig: Setting CVar [[r.SSS.Scale:1]]
[2022.11.20-03.01.27:898][  0]LogConfig: Setting CVar [[r.SSS.SampleSet:2]]
[2022.11.20-03.01.27:898][  0]LogConfig: Setting CVar [[r.SSS.Quality:1]]
[2022.11.20-03.01.27:898][  0]LogConfig: Setting CVar [[r.SSS.HalfRes:0]]
[2022.11.20-03.01.27:898][  0]LogConfig: Setting CVar [[r.SSGI.Quality:3]]
[2022.11.20-03.01.27:898][  0]LogConfig: Setting CVar [[r.EmitterSpawnRateScale:1.0]]
[2022.11.20-03.01.27:898][  0]LogConfig: Setting CVar [[r.ParticleLightQuality:2]]
[2022.11.20-03.01.27:898][  0]LogConfig: Setting CVar [[r.SkyAtmosphere.AerialPerspectiveLUT.FastApplyOnOpaque:1 ; Always have FastSkyLUT 1 in this case to avoid wrong sky]]
[2022.11.20-03.01.27:898][  0]LogConfig: Setting CVar [[r.SkyAtmosphere.AerialPerspectiveLUT.SampleCountPerSlice:1]]
[2022.11.20-03.01.27:898][  0]LogConfig: Setting CVar [[r.SkyAtmosphere.AerialPerspectiveLUT.DepthResolution:16.0]]
[2022.11.20-03.01.27:898][  0]LogConfig: Setting CVar [[r.SkyAtmosphere.FastSkyLUT:1]]
[2022.11.20-03.01.27:898][  0]LogConfig: Setting CVar [[r.SkyAtmosphere.FastSkyLUT.SampleCountMin:4.0]]
[2022.11.20-03.01.27:898][  0]LogConfig: Setting CVar [[r.SkyAtmosphere.FastSkyLUT.SampleCountMax:32.0]]
[2022.11.20-03.01.27:898][  0]LogConfig: Setting CVar [[r.SkyAtmosphere.SampleCountMin:4.0]]
[2022.11.20-03.01.27:898][  0]LogConfig: Setting CVar [[r.SkyAtmosphere.SampleCountMax:32.0]]
[2022.11.20-03.01.27:898][  0]LogConfig: Setting CVar [[r.SkyAtmosphere.TransmittanceLUT.UseSmallFormat:0]]
[2022.11.20-03.01.27:898][  0]LogConfig: Setting CVar [[r.SkyAtmosphere.TransmittanceLUT.SampleCount:10.0]]
[2022.11.20-03.01.27:898][  0]LogConfig: Setting CVar [[r.SkyAtmosphere.MultiScatteringLUT.SampleCount:15.0]]
[2022.11.20-03.01.27:898][  0]LogConfig: Applying CVar settings from Section [FoliageQuality@3] File [M:/Projects/LearningProject_Cpy/Saved/Config/Windows/Scalability.ini]
[2022.11.20-03.01.27:898][  0]LogConfig: Setting CVar [[foliage.DensityScale:1.0]]
[2022.11.20-03.01.27:899][  0]LogConfig: Setting CVar [[grass.DensityScale:1.0]]
[2022.11.20-03.01.27:899][  0]LogConfig: Applying CVar settings from Section [ShadingQuality@3] File [M:/Projects/LearningProject_Cpy/Saved/Config/Windows/Scalability.ini]
[2022.11.20-03.01.27:899][  0]LogConfig: Setting CVar [[r.HairStrands.SkyLighting.SampleCount:16]]
[2022.11.20-03.01.27:899][  0]LogConfig: Setting CVar [[r.HairStrands.SkyLighting.JitterIntegration:0]]
[2022.11.20-03.01.27:899][  0]LogConfig: Setting CVar [[r.HairStrands.SkyAO.SampleCount:16]]
[2022.11.20-03.01.27:899][  0]LogConfig: Setting CVar [[r.HairStrands.DeepShadow.SuperSampling:0]]
[2022.11.20-03.01.27:899][  0]LogConfig: Setting CVar [[r.HairStrands.VisibilityPPLL:0]]
[2022.11.20-03.01.27:899][  0]LogConfig: Setting CVar [[r.HairStrands.RasterizationScale:0.5]]
[2022.11.20-03.01.27:899][  0]LogConfig: Setting CVar [[r.HairStrands.VelocityRasterizationScale:1]]
[2022.11.20-03.01.27:900][  0]LogInit: Selected Device Profile: [Windows]
[2022.11.20-03.01.27:900][  0]LogInit: Applying CVar settings loaded from the selected device profile: [Windows]
[2022.11.20-03.01.27:901][  0]LogHAL: Display: Platform has ~ 24 GB [25687883776 / 34359738368 / 24], which maps to Larger [LargestMinGB=32, LargerMinGB=12, DefaultMinGB=8, SmallerMinGB=6, SmallestMinGB=0)
[2022.11.20-03.01.27:901][  0]LogInit: Going up to parent DeviceProfile []
[2022.11.20-03.01.27:902][  0]LogConfig: Applying CVar settings from Section [ViewDistanceQuality@3] File [M:/Projects/LearningProject_Cpy/Saved/Config/Windows/Scalability.ini]
[2022.11.20-03.01.27:902][  0]LogConfig: Setting CVar [[r.SkeletalMeshLODBias:0]]
[2022.11.20-03.01.27:902][  0]LogConfig: Setting CVar [[r.ViewDistanceScale:1.0]]
[2022.11.20-03.01.27:902][  0]LogConfig: Applying CVar settings from Section [AntiAliasingQuality@3] File [M:/Projects/LearningProject_Cpy/Saved/Config/Windows/Scalability.ini]
[2022.11.20-03.01.27:902][  0]LogConfig: Setting CVar [[r.PostProcessAAQuality:4]]
[2022.11.20-03.01.27:902][  0]LogConfig: Applying CVar settings from Section [ShadowQuality@3] File [M:/Projects/LearningProject_Cpy/Saved/Config/Windows/Scalability.ini]
[2022.11.20-03.01.27:902][  0]LogConfig: Setting CVar [[r.LightFunctionQuality:1]]
[2022.11.20-03.01.27:902][  0]LogConfig: Setting CVar [[r.ShadowQuality:5]]
[2022.11.20-03.01.27:902][  0]LogConfig: Setting CVar [[r.Shadow.CSM.MaxCascades:10]]
[2022.11.20-03.01.27:902][  0]LogConfig: Setting CVar [[r.Shadow.MaxResolution:2048]]
[2022.11.20-03.01.27:902][  0]LogConfig: Setting CVar [[r.Shadow.MaxCSMResolution:2048]]
[2022.11.20-03.01.27:902][  0]LogConfig: Setting CVar [[r.Shadow.RadiusThreshold:0.01]]
[2022.11.20-03.01.27:902][  0]LogConfig: Setting CVar [[r.Shadow.DistanceScale:1.0]]
[2022.11.20-03.01.27:902][  0]LogConfig: Setting CVar [[r.Shadow.CSM.TransitionScale:1.0]]
[2022.11.20-03.01.27:902][  0]LogConfig: Setting CVar [[r.Shadow.PreShadowResolutionFactor:1.0]]
[2022.11.20-03.01.27:902][  0]LogConfig: Setting CVar [[r.DistanceFieldShadowing:1]]
[2022.11.20-03.01.27:902][  0]LogConfig: Setting CVar [[r.DistanceFieldAO:1]]
[2022.11.20-03.01.27:902][  0]LogConfig: Setting CVar [[r.AOQuality:2]]
[2022.11.20-03.01.27:903][  0]LogConfig: Setting CVar [[r.VolumetricFog:1]]
[2022.11.20-03.01.27:903][  0]LogConfig: Setting CVar [[r.VolumetricFog.GridPixelSize:8]]
[2022.11.20-03.01.27:903][  0]LogConfig: Setting CVar [[r.VolumetricFog.GridSizeZ:128]]
[2022.11.20-03.01.27:903][  0]LogConfig: Setting CVar [[r.VolumetricFog.HistoryMissSupersampleCount:4]]
[2022.11.20-03.01.27:903][  0]LogConfig: Setting CVar [[r.LightMaxDrawDistanceScale:1]]
[2022.11.20-03.01.27:903][  0]LogConfig: Setting CVar [[r.CapsuleShadows:1]]
[2022.11.20-03.01.27:903][  0]LogConfig: Applying CVar settings from Section [PostProcessQuality@3] File [M:/Projects/LearningProject_Cpy/Saved/Config/Windows/Scalability.ini]
[2022.11.20-03.01.27:903][  0]LogConfig: Setting CVar [[r.MotionBlurQuality:4]]
[2022.11.20-03.01.27:903][  0]LogConfig: Setting CVar [[r.AmbientOcclusionMipLevelFactor:0.4]]
[2022.11.20-03.01.27:903][  0]LogConfig: Setting CVar [[r.AmbientOcclusionMaxQuality:100]]
[2022.11.20-03.01.27:903][  0]LogConfig: Setting CVar [[r.AmbientOcclusionLevels:-1]]
[2022.11.20-03.01.27:903][  0]LogConfig: Setting CVar [[r.AmbientOcclusionRadiusScale:1.0]]
[2022.11.20-03.01.27:903][  0]LogConfig: Setting CVar [[r.DepthOfFieldQuality:2]]
[2022.11.20-03.01.27:903][  0]LogConfig: Setting CVar [[r.RenderTargetPoolMin:400]]
[2022.11.20-03.01.27:903][  0]LogConfig: Setting CVar [[r.LensFlareQuality:2]]
[2022.11.20-03.01.27:903][  0]LogConfig: Setting CVar [[r.SceneColorFringeQuality:1]]
[2022.11.20-03.01.27:903][  0]LogConfig: Setting CVar [[r.EyeAdaptationQuality:2]]
[2022.11.20-03.01.27:903][  0]LogConfig: Setting CVar [[r.BloomQuality:5]]
[2022.11.20-03.01.27:903][  0]LogConfig: Setting CVar [[r.FastBlurThreshold:100]]
[2022.11.20-03.01.27:903][  0]LogConfig: Setting CVar [[r.Upscale.Quality:3]]
[2022.11.20-03.01.27:903][  0]LogConfig: Setting CVar [[r.Tonemapper.GrainQuantization:1]]
[2022.11.20-03.01.27:903][  0]LogConfig: Setting CVar [[r.LightShaftQuality:1]]
[2022.11.20-03.01.27:903][  0]LogConfig: Setting CVar [[r.Filter.SizeScale:1]]
[2022.11.20-03.01.27:904][  0]LogConfig: Setting CVar [[r.Tonemapper.Quality:5]]
[2022.11.20-03.01.27:904][  0]LogConfig: Setting CVar [[r.DOF.Gather.AccumulatorQuality:1        ; higher gathering accumulator quality]]
[2022.11.20-03.01.27:904][  0]LogConfig: Setting CVar [[r.DOF.Gather.PostfilterMethod:1          ; Median3x3 postfilering method]]
[2022.11.20-03.01.27:904][  0]LogConfig: Setting CVar [[r.DOF.Gather.EnableBokehSettings:0       ; no bokeh simulation when gathering]]
[2022.11.20-03.01.27:904][  0]LogConfig: Setting CVar [[r.DOF.Gather.RingCount:4                 ; medium number of samples when gathering]]
[2022.11.20-03.01.27:904][  0]LogConfig: Setting CVar [[r.DOF.Scatter.ForegroundCompositing:1    ; additive foreground scattering]]
[2022.11.20-03.01.27:904][  0]LogConfig: Setting CVar [[r.DOF.Scatter.BackgroundCompositing:2    ; additive background scattering]]
[2022.11.20-03.01.27:904][  0]LogConfig: Setting CVar [[r.DOF.Scatter.EnableBokehSettings:1      ; bokeh simulation when scattering]]
[2022.11.20-03.01.27:904][  0]LogConfig: Setting CVar [[r.DOF.Scatter.MaxSpriteRatio:0.1         ; only a maximum of 10% of scattered bokeh]]
[2022.11.20-03.01.27:904][  0]LogConfig: Setting CVar [[r.DOF.Recombine.Quality:1                ; cheap slight out of focus]]
[2022.11.20-03.01.27:904][  0]LogConfig: Setting CVar [[r.DOF.Recombine.EnableBokehSettings:0    ; no bokeh simulation on slight out of focus]]
[2022.11.20-03.01.27:904][  0]LogConfig: Setting CVar [[r.DOF.TemporalAAQuality:1                ; more stable temporal accumulation]]
[2022.11.20-03.01.27:904][  0]LogConfig: Setting CVar [[r.DOF.Kernel.MaxForegroundRadius:0.025]]
[2022.11.20-03.01.27:904][  0]LogConfig: Setting CVar [[r.DOF.Kernel.MaxBackgroundRadius:0.025]]
[2022.11.20-03.01.27:904][  0]LogConfig: Applying CVar settings from Section [TextureQuality@3] File [M:/Projects/LearningProject_Cpy/Saved/Config/Windows/Scalability.ini]
[2022.11.20-03.01.27:904][  0]LogConfig: Setting CVar [[r.Streaming.MipBias:0]]
[2022.11.20-03.01.27:904][  0]LogConfig: Setting CVar [[r.Streaming.AmortizeCPUToGPUCopy:0]]
[2022.11.20-03.01.27:904][  0]LogConfig: Setting CVar [[r.Streaming.MaxNumTexturesToStreamPerFrame:0]]
[2022.11.20-03.01.27:904][  0]LogConfig: Setting CVar [[r.Streaming.Boost:1]]
[2022.11.20-03.01.27:904][  0]LogConfig: Setting CVar [[r.MaxAnisotropy:8]]
[2022.11.20-03.01.27:904][  0]LogConfig: Setting CVar [[r.VT.MaxAnisotropy:8]]
[2022.11.20-03.01.27:905][  0]LogConfig: Setting CVar [[r.Streaming.LimitPoolSizeToVRAM:0]]
[2022.11.20-03.01.27:905][  0]LogConfig: Setting CVar [[r.Streaming.PoolSize:1000]]
[2022.11.20-03.01.27:905][  0]LogConfig: Setting CVar [[r.Streaming.MaxEffectiveScreenSize:0]]
[2022.11.20-03.01.27:905][  0]LogConfig: Applying CVar settings from Section [EffectsQuality@3] File [M:/Projects/LearningProject_Cpy/Saved/Config/Windows/Scalability.ini]
[2022.11.20-03.01.27:905][  0]LogConfig: Setting CVar [[r.TranslucencyLightingVolumeDim:64]]
[2022.11.20-03.01.27:905][  0]LogConfig: Setting CVar [[r.RefractionQuality:2]]
[2022.11.20-03.01.27:905][  0]LogConfig: Setting CVar [[r.SSR.Quality:3]]
[2022.11.20-03.01.27:905][  0]LogConfig: Setting CVar [[r.SSR.HalfResSceneColor:0]]
[2022.11.20-03.01.27:905][  0]LogConfig: Setting CVar [[r.SceneColorFormat:4]]
[2022.11.20-03.01.27:905][  0]LogConfig: Setting CVar [[r.DetailMode:2]]
[2022.11.20-03.01.27:905][  0]LogConfig: Setting CVar [[r.TranslucencyVolumeBlur:1]]
[2022.11.20-03.01.27:905][  0]LogConfig: Setting CVar [[r.MaterialQualityLevel:1 ; High quality]]
[2022.11.20-03.01.27:905][  0]LogConfig: Setting CVar [[r.SSS.Scale:1]]
[2022.11.20-03.01.27:905][  0]LogConfig: Setting CVar [[r.SSS.SampleSet:2]]
[2022.11.20-03.01.27:905][  0]LogConfig: Setting CVar [[r.SSS.Quality:1]]
[2022.11.20-03.01.27:905][  0]LogConfig: Setting CVar [[r.SSS.HalfRes:0]]
[2022.11.20-03.01.27:905][  0]LogConfig: Setting CVar [[r.SSGI.Quality:3]]
[2022.11.20-03.01.27:905][  0]LogConfig: Setting CVar [[r.EmitterSpawnRateScale:1.0]]
[2022.11.20-03.01.27:905][  0]LogConfig: Setting CVar [[r.ParticleLightQuality:2]]
[2022.11.20-03.01.27:905][  0]LogConfig: Setting CVar [[r.SkyAtmosphere.AerialPerspectiveLUT.FastApplyOnOpaque:1 ; Always have FastSkyLUT 1 in this case to avoid wrong sky]]
[2022.11.20-03.01.27:905][  0]LogConfig: Setting CVar [[r.SkyAtmosphere.AerialPerspectiveLUT.SampleCountPerSlice:1]]
[2022.11.20-03.01.27:905][  0]LogConfig: Setting CVar [[r.SkyAtmosphere.AerialPerspectiveLUT.DepthResolution:16.0]]
[2022.11.20-03.01.27:906][  0]LogConfig: Setting CVar [[r.SkyAtmosphere.FastSkyLUT:1]]
[2022.11.20-03.01.27:906][  0]LogConfig: Setting CVar [[r.SkyAtmosphere.FastSkyLUT.SampleCountMin:4.0]]
[2022.11.20-03.01.27:906][  0]LogConfig: Setting CVar [[r.SkyAtmosphere.FastSkyLUT.SampleCountMax:32.0]]
[2022.11.20-03.01.27:906][  0]LogConfig: Setting CVar [[r.SkyAtmosphere.SampleCountMin:4.0]]
[2022.11.20-03.01.27:906][  0]LogConfig: Setting CVar [[r.SkyAtmosphere.SampleCountMax:32.0]]
[2022.11.20-03.01.27:906][  0]LogConfig: Setting CVar [[r.SkyAtmosphere.TransmittanceLUT.UseSmallFormat:0]]
[2022.11.20-03.01.27:906][  0]LogConfig: Setting CVar [[r.SkyAtmosphere.TransmittanceLUT.SampleCount:10.0]]
[2022.11.20-03.01.27:906][  0]LogConfig: Setting CVar [[r.SkyAtmosphere.MultiScatteringLUT.SampleCount:15.0]]
[2022.11.20-03.01.27:906][  0]LogConfig: Applying CVar settings from Section [FoliageQuality@3] File [M:/Projects/LearningProject_Cpy/Saved/Config/Windows/Scalability.ini]
[2022.11.20-03.01.27:906][  0]LogConfig: Setting CVar [[foliage.DensityScale:1.0]]
[2022.11.20-03.01.27:906][  0]LogConfig: Setting CVar [[grass.DensityScale:1.0]]
[2022.11.20-03.01.27:906][  0]LogConfig: Applying CVar settings from Section [ShadingQuality@3] File [M:/Projects/LearningProject_Cpy/Saved/Config/Windows/Scalability.ini]
[2022.11.20-03.01.27:906][  0]LogConfig: Setting CVar [[r.HairStrands.SkyLighting.SampleCount:16]]
[2022.11.20-03.01.27:906][  0]LogConfig: Setting CVar [[r.HairStrands.SkyLighting.JitterIntegration:0]]
[2022.11.20-03.01.27:906][  0]LogConfig: Setting CVar [[r.HairStrands.SkyAO.SampleCount:16]]
[2022.11.20-03.01.27:906][  0]LogConfig: Setting CVar [[r.HairStrands.DeepShadow.SuperSampling:0]]
[2022.11.20-03.01.27:906][  0]LogConfig: Setting CVar [[r.HairStrands.VisibilityPPLL:0]]
[2022.11.20-03.01.27:906][  0]LogConfig: Setting CVar [[r.HairStrands.RasterizationScale:0.5]]
[2022.11.20-03.01.27:906][  0]LogConfig: Setting CVar [[r.HairStrands.VelocityRasterizationScale:1]]
[2022.11.20-03.01.27:906][  0]LogConfig: Applying CVar settings from Section [Startup] File [../../../Engine/Config/ConsoleVariables.ini]
[2022.11.20-03.01.27:907][  0]LogConfig: Setting CVar [[net.UseAdaptiveNetUpdateFrequency:0]]
[2022.11.20-03.01.27:907][  0]LogConfig: Setting CVar [[p.chaos.AllowCreatePhysxBodies:1]]
[2022.11.20-03.01.27:907][  0]LogConfig: Setting CVar [[fx.SkipVectorVMBackendOptimizations:1]]
[2022.11.20-03.01.27:907][  0]LogConfig: Applying CVar settings from Section [ConsoleVariables] File [M:/Projects/LearningProject_Cpy/Saved/Config/Windows/Engine.ini]
[2022.11.20-03.01.27:908][  0]LogInit: Computer: DESKTOP-ALI
[2022.11.20-03.01.27:908][  0]LogInit: User: Cougar
[2022.11.20-03.01.27:908][  0]LogInit: CPU Page size=4096, Cores=8
[2022.11.20-03.01.27:908][  0]LogInit: High frequency timer resolution =10.000000 MHz
[2022.11.20-03.01.27:908][  0]LogMemory: Memory total: Physical=23.9GB (24GB approx)
[2022.11.20-03.01.27:909][  0]LogMemory: Platform Memory Stats for Windows
[2022.11.20-03.01.27:909][  0]LogMemory: Process Physical Memory: 117.43 MB used, 117.44 MB peak
[2022.11.20-03.01.27:909][  0]LogMemory: Process Virtual Memory: 107.55 MB used, 107.55 MB peak
[2022.11.20-03.01.27:909][  0]LogMemory: Physical Memory: 12266.33 MB used,  12231.54 MB free, 24497.88 MB total
[2022.11.20-03.01.27:909][  0]LogMemory: Virtual Memory: 5197.28 MB used,  134212528.00 MB free, 134217728.00 MB total
[2022.11.20-03.01.27:921][  0]LogWindows: WindowsPlatformFeatures enabled
[2022.11.20-03.01.28:496][  0]LogInit: Physics initialised using underlying interface: PhysX
[2022.11.20-03.01.28:500][  0]LogInit: Using OS detected language (en-GB).
[2022.11.20-03.01.28:500][  0]LogInit: Using OS detected locale (en-AU).
[2022.11.20-03.01.28:518][  0]LogTextLocalizationManager: No specific localization for 'en-GB' exists, so the 'en' localization will be used.
[2022.11.20-03.01.28:893][  0]LogInit: Setting process to per monitor DPI aware
[2022.11.20-03.01.29:024][  0]LogSlate: New Slate User Created.  User Index 0, Is Virtual User: 0
[2022.11.20-03.01.29:024][  0]LogSlate: Slate User Registered.  User Index 0, Is Virtual User: 0
[2022.11.20-03.01.32:445][  0]LogHMD: Failed to initialize OpenVR with code 110
[2022.11.20-03.01.32:446][  0]LogD3D11RHI: D3D11 min allowed feature level: 11_0
[2022.11.20-03.01.32:446][  0]LogD3D11RHI: D3D11 max allowed feature level: 11_0
[2022.11.20-03.01.32:446][  0]LogD3D11RHI: D3D11 adapters:
[2022.11.20-03.01.32:549][  0]LogD3D11RHI:    0. 'NVIDIA GeForce GTX 1060 3GB' (Feature Level 11_0)
[2022.11.20-03.01.32:550][  0]LogD3D11RHI:       2988/0/12248 MB DedicatedVideo/DedicatedSystem/SharedSystem, Outputs:2, VendorId:0x10de
[2022.11.20-03.01.32:558][  0]LogD3D11RHI:    1. 'Microsoft Basic Render Driver' (Feature Level 11_0)
[2022.11.20-03.01.32:558][  0]LogD3D11RHI:       0/0/12248 MB DedicatedVideo/DedicatedSystem/SharedSystem, Outputs:0, VendorId:0x1414
[2022.11.20-03.01.32:558][  0]LogD3D11RHI: Chosen D3D11 Adapter: 0
[2022.11.20-03.01.32:568][  0]LogD3D11RHI: Creating new Direct3DDevice
[2022.11.20-03.01.32:568][  0]LogD3D11RHI:     GPU DeviceId: 0x1c02 (for the marketing name, search the web for "GPU Device Id")
[2022.11.20-03.01.32:568][  0]LogWindows: EnumDisplayDevices:
[2022.11.20-03.01.32:568][  0]LogWindows:    0. 'NVIDIA GeForce GTX 1060 3GB' (P:1 D:1)
[2022.11.20-03.01.32:568][  0]LogWindows:    1. 'NVIDIA GeForce GTX 1060 3GB' (P:0 D:1)
[2022.11.20-03.01.32:568][  0]LogWindows:    2. 'NVIDIA GeForce GTX 1060 3GB' (P:0 D:0)
[2022.11.20-03.01.32:569][  0]LogWindows:    3. 'NVIDIA GeForce GTX 1060 3GB' (P:0 D:0)
[2022.11.20-03.01.32:569][  0]LogWindows: DebugString: FoundDriverCount:4 
[2022.11.20-03.01.32:569][  0]LogD3D11RHI:     Adapter Name: NVIDIA GeForce GTX 1060 3GB
[2022.11.20-03.01.32:569][  0]LogD3D11RHI:   Driver Version: 516.94 (internal:31.0.15.1694, unified:516.94)
[2022.11.20-03.01.32:569][  0]LogD3D11RHI:      Driver Date: 7-21-2022
[2022.11.20-03.01.32:569][  0]LogRHI: Texture pool is 2091 MB (70% of 2988 MB)
[2022.11.20-03.01.32:632][  0]LogD3D11RHI: RHI has support for 64 bit atomics
[2022.11.20-03.01.32:633][  0]LogD3D11RHI: Async texture creation enabled
[2022.11.20-03.01.32:633][  0]LogD3D11RHI: Array index from any shader is supported
[2022.11.20-03.01.32:671][  0]LogD3D11RHI: GPU Timing Frequency: 1000.000000 (Debug: 2 1)
[2022.11.20-03.01.32:912][  0]LogTargetPlatformManager: Display: Loaded TargetPlatform 'AllDesktop'
[2022.11.20-03.01.32:943][  0]LogTargetPlatformManager: Display: Loaded TargetPlatform 'Android'
[2022.11.20-03.01.32:943][  0]LogTargetPlatformManager: Display: Loaded TargetPlatform 'Android_ASTC'
[2022.11.20-03.01.32:943][  0]LogTargetPlatformManager: Display: Loaded TargetPlatform 'Android_DXT'
[2022.11.20-03.01.32:943][  0]LogTargetPlatformManager: Display: Loaded TargetPlatform 'Android_ETC2'
[2022.11.20-03.01.32:944][  0]LogTargetPlatformManager: Display: Loaded TargetPlatform 'AndroidClient'
[2022.11.20-03.01.32:944][  0]LogTargetPlatformManager: Display: Loaded TargetPlatform 'Android_ASTCClient'
[2022.11.20-03.01.32:944][  0]LogTargetPlatformManager: Display: Loaded TargetPlatform 'Android_DXTClient'
[2022.11.20-03.01.32:944][  0]LogTargetPlatformManager: Display: Loaded TargetPlatform 'Android_ETC2Client'
[2022.11.20-03.01.32:944][  0]LogTargetPlatformManager: Display: Loaded TargetPlatform 'Android_Multi'
[2022.11.20-03.01.32:944][  0]LogTargetPlatformManager: Display: Loaded TargetPlatform 'Android_MultiClient'
[2022.11.20-03.01.33:012][  0]LogTargetPlatformManager: Display: Loaded TargetPlatform 'IOSClient'
[2022.11.20-03.01.33:012][  0]LogTargetPlatformManager: Display: Loaded TargetPlatform 'IOS'
[2022.11.20-03.01.33:040][  0]LogTargetPlatformManager: Display: Loaded TargetPlatform 'Linux'
[2022.11.20-03.01.33:061][  0]LogTargetPlatformManager: Display: Loaded TargetPlatform 'LinuxNoEditor'
[2022.11.20-03.01.33:082][  0]LogTargetPlatformManager: Display: Loaded TargetPlatform 'LinuxClient'
[2022.11.20-03.01.33:108][  0]LogTargetPlatformManager: Display: Loaded TargetPlatform 'LinuxServer'
[2022.11.20-03.01.33:130][  0]LogTargetPlatformManager: Display: Loaded TargetPlatform 'LinuxAArch64NoEditor'
[2022.11.20-03.01.33:150][  0]LogTargetPlatformManager: Display: Loaded TargetPlatform 'LinuxAArch64Client'
[2022.11.20-03.01.33:171][  0]LogTargetPlatformManager: Display: Loaded TargetPlatform 'LinuxAArch64Server'
[2022.11.20-03.01.33:210][  0]LogTargetPlatformManager: Display: Loaded TargetPlatform 'Lumin'
[2022.11.20-03.01.33:210][  0]LogTargetPlatformManager: Display: Loaded TargetPlatform 'LuminClient'
[2022.11.20-03.01.33:234][  0]LogTargetPlatformManager: Display: Loaded TargetPlatform 'TVOSClient'
[2022.11.20-03.01.33:234][  0]LogTargetPlatformManager: Display: Loaded TargetPlatform 'TVOS'
[2022.11.20-03.01.33:256][  0]LogTargetPlatformManager: Display: Loaded TargetPlatform 'WindowsNoEditor'
[2022.11.20-03.01.33:278][  0]LogTargetPlatformManager: Display: Loaded TargetPlatform 'Windows'
[2022.11.20-03.01.33:299][  0]LogTargetPlatformManager: Display: Loaded TargetPlatform 'WindowsClient'
[2022.11.20-03.01.33:321][  0]LogTargetPlatformManager: Display: Loaded TargetPlatform 'WindowsServer'
[2022.11.20-03.01.33:321][  0]LogTargetPlatformManager: Display: Building Assets For Windows
[2022.11.20-03.01.33:390][  0]LogAudioDebug: Display: Lib vorbis DLL was dynamically loaded.
[2022.11.20-03.01.33:774][  0]LogShaderCompilers: Guid format shader working directory is 3 characters bigger than the processId version (../../../../../Projects/LearningProject_Cpy/Intermediate/Shaders/WorkingDirectory/22868/).
[2022.11.20-03.01.33:774][  0]LogShaderCompilers: Cleaned the shader compiler working directory 'C:/Users/Cougar/AppData/Local/Temp/UnrealShaderWorkingDir/C783701347F36311B21A08AD532FD4BE/'.
[2022.11.20-03.01.33:774][  0]LogXGEController: Cleaning working directory: C:/Users/Cougar/AppData/Local/Temp/UnrealXGEWorkingDir/
[2022.11.20-03.01.33:775][  0]LogXGEController: Cannot use XGE Controller as Incredibuild is not installed on this machine.
[2022.11.20-03.01.33:775][  0]LogShaderCompilers: Cannot use XGE Shader Compiler as Incredibuild is not installed on this machine.
[2022.11.20-03.01.33:775][  0]LogShaderCompilers: Display: Using Local Shader Compiler.
[2022.11.20-03.01.36:305][  0]LogDerivedDataCache: Display: Max Cache Size: 512 MB
[2022.11.20-03.01.36:503][  0]LogDerivedDataCache: Loaded boot cache 0.19s 76MB C:/Users/Cougar/AppData/Local/UnrealEngine/4.25/DerivedDataCache/Boot.ddc.
[2022.11.20-03.01.36:503][  0]LogDerivedDataCache: Display: Loaded Boot cache: C:/Users/Cougar/AppData/Local/UnrealEngine/4.25/DerivedDataCache/Boot.ddc
[2022.11.20-03.01.36:504][  0]LogDerivedDataCache: FDerivedDataBackendGraph:  Pak pak cache file ../../../../../Projects/LearningProject_Cpy/DerivedDataCache/DDC.ddp not found, will not use a pak cache.
[2022.11.20-03.01.36:504][  0]LogDerivedDataCache: Unable to find inner node Pak for hierarchical cache Hierarchy.
[2022.11.20-03.01.36:504][  0]LogDerivedDataCache: FDerivedDataBackendGraph:  CompressedPak pak cache file ../../../../../Projects/LearningProject_Cpy/DerivedDataCache/Compressed.ddp not found, will not use a pak cache.
[2022.11.20-03.01.36:504][  0]LogDerivedDataCache: Unable to find inner node CompressedPak for hierarchical cache Hierarchy.
[2022.11.20-03.01.36:522][  0]LogDerivedDataCache: Display: Pak cache opened for reading ../../../Engine/DerivedDataCache/Compressed.ddp.
[2022.11.20-03.01.36:523][  0]LogDerivedDataCache: FDerivedDataBackendGraph:  EnterprisePak pak cache file ../../../Enterprise/DerivedDataCache/Compressed.ddp not found, will not use a pak cache.
[2022.11.20-03.01.36:523][  0]LogDerivedDataCache: Unable to find inner node EnterprisePak for hierarchical cache Hierarchy.
[2022.11.20-03.01.36:525][  0]LogDerivedDataCache: Using Local data cache path C:/Users/Cougar/AppData/Local/UnrealEngine/Common/DerivedDataCache: Writable
[2022.11.20-03.01.36:526][  0]LogDerivedDataCache: Shared data cache path not found in *engine.ini, will not use an Shared cache.
[2022.11.20-03.01.36:526][  0]LogDerivedDataCache: Unable to find inner node Shared for hierarchical cache Hierarchy.
[2022.11.20-03.01.36:571][  0]LogSlate: Using FreeType 2.10.0
[2022.11.20-03.01.36:586][  0]LogSlate: SlateFontServices - WITH_FREETYPE: 1, WITH_HARFBUZZ: 1
[2022.11.20-03.01.36:718][  0]LogAssetRegistry: FAssetRegistry took 0.0052 seconds to start up
[2022.11.20-03.01.37:156][  0]LogInit: Selected Device Profile: [Windows]
[2022.11.20-03.01.37:607][  0]LogMeshReduction: Using QuadricMeshReduction for automatic static mesh reduction
[2022.11.20-03.01.37:607][  0]LogMeshReduction: Using SimplygonMeshReduction for automatic skeletal mesh reduction
[2022.11.20-03.01.37:607][  0]LogMeshReduction: Using ProxyLODMeshReduction for automatic mesh merging
[2022.11.20-03.01.37:607][  0]LogMeshReduction: No distributed automatic mesh merging module available
[2022.11.20-03.01.37:607][  0]LogMeshMerging: No distributed automatic mesh merging module available
[2022.11.20-03.01.37:692][  0]LogNetVersion: LearningProject 1.0.0, NetCL: 13144385, EngineNetVer: 14, GameNetVer: 0 (Checksum: 1227717907)
[2022.11.20-03.01.39:768][  0]LogAISub: UAISubsystem::UAISubsystem AISubsystem (000001D11E8F77C0), frame # 0
[2022.11.20-03.01.39:768][  0]LogAISub: UAISubsystem::UAISubsystem AIPerceptionSystem (000001D11E9242C0), frame # 0
[2022.11.20-03.01.39:773][  0]LogAISub: UAISubsystem::UAISubsystem EnvQueryManager (000001D11EA42A00), frame # 0
[2022.11.20-03.01.39:908][  0]LogPackageLocalizationCache: Processed 19 localized package path(s) for 1 prioritized culture(s) in 0.038465 seconds
[2022.11.20-03.01.39:912][  0]LogUObjectArray: 15913 objects as part of root set at end of initial load.
[2022.11.20-03.01.39:913][  0]LogUObjectAllocator: 3964304 out of 0 bytes used by permanent object pool.
[2022.11.20-03.01.39:913][  0]LogUObjectArray: CloseDisregardForGC: 0/0 objects in disregard for GC pool
[2022.11.20-03.01.42:157][  0]LogTcpMessaging: Initializing TcpMessaging bridge
[2022.11.20-03.01.42:183][  0]LogUdpMessaging: Initializing bridge on interface 0.0.0.0:0 to multicast group 230.0.0.1:6666.
[2022.11.20-03.01.42:660][  0]SourceControl: Source control is disabled
[2022.11.20-03.01.42:662][  0]SourceControl: Source control is disabled
[2022.11.20-03.01.42:693][  0]SourceControl: Source control is disabled
[2022.11.20-03.01.42:716][  0]SourceControl: Source control is disabled
[2022.11.20-03.01.42:767][  0]SourceControl: Source control is disabled
[2022.11.20-03.01.44:204][  0]LogAndroidPermission: UAndroidPermissionCallbackProxy::GetInstance
[2022.11.20-03.01.44:312][  0]LogAudioCaptureCore: Display: No Audio Capture implementations found. Audio input will be silent.
[2022.11.20-03.01.44:313][  0]LogAudioCaptureCore: Display: No Audio Capture implementations found. Audio input will be silent.
[2022.11.20-03.01.44:522][  0]LogOcInput: OculusInput pre-init called
[2022.11.20-03.01.44:570][  0]LogWindows: Failed to load 'OVRPlugin.dll' (GetLastError=126)
[2022.11.20-03.01.44:570][  0]LogWindows: File 'OVRPlugin.dll' does not exist
[2022.11.20-03.01.44:860][  0]LogEngine: Initializing Engine...
[2022.11.20-03.01.44:864][  0]LogHMD: Failed to initialize OpenVR with code 110
[2022.11.20-03.01.44:864][  0]LogMagicLeap: Warning: VR disabled because ZI is not enabled.  To enable, in the editor, Edit -> Project Settings -> Plugins -> Magic Leap Plugin -> Enable Zero Iteration
[2022.11.20-03.01.44:867][  0]LogStats: UGameplayTagsManager::InitializeManager -  0.001 s
[2022.11.20-03.01.45:144][  0]LogInit: Initializing FReadOnlyCVARCache
[2022.11.20-03.01.45:244][  0]LogAIModule: Creating AISystem for world Untitled
[2022.11.20-03.01.45:244][  0]LogAISub: UAISubsystem::UAISubsystem EnvQueryManager (000001D1228EBC00), frame # 0
[2022.11.20-03.01.45:244][  0]LogAISub: UAISubsystem::UAISubsystem AIPerceptionSystem (000001D1229547C0), frame # 0
[2022.11.20-03.01.45:294][  0]LogAudioMixer: Display: Audio Mixer Platform Settings:
[2022.11.20-03.01.45:294][  0]LogAudioMixer: Display: 	Sample Rate:						  48000
[2022.11.20-03.01.45:294][  0]LogAudioMixer: Display: 	Callback Buffer Frame Size Requested: 1024
[2022.11.20-03.01.45:294][  0]LogAudioMixer: Display: 	Callback Buffer Frame Size To Use:	  1024
[2022.11.20-03.01.45:294][  0]LogAudioMixer: Display: 	Number of buffers to queue:			  2
[2022.11.20-03.01.45:294][  0]LogAudioMixer: Display: 	Max Channels (voices):				  32
[2022.11.20-03.01.45:294][  0]LogAudioMixer: Display: 	Number of Async Source Workers:		  0
[2022.11.20-03.01.45:294][  0]LogAudio: Display: AudioDevice MaxSources: 32
[2022.11.20-03.01.45:297][  0]LogAudio: Display: Using built-in audio occlusion.
[2022.11.20-03.01.45:298][  0]LogAudioMixer: Display: Initializing audio mixer.
[2022.11.20-03.01.45:351][  0]LogAudioMixer: Display: 0: FrontLeft
[2022.11.20-03.01.45:351][  0]LogAudioMixer: Display: 1: FrontRight
[2022.11.20-03.01.45:591][  0]LogAudioMixer: Display: Using Audio Device Headphones (Galaxy Buds (D93A) Stereo)
[2022.11.20-03.01.45:595][  0]LogAudioMixer: Display: Initializing Sound Submixes...
[2022.11.20-03.01.45:615][  0]LogAudioMixer: Display: Creating Master Submix 'MasterSubmixDefault'
[2022.11.20-03.01.45:616][  0]LogAudioMixer: Display: Creating Master Submix 'MasterReverbSubmixDefault'
[2022.11.20-03.01.45:619][  0]LogAudioMixer: Display: Creating Master Submix 'MasterEQSubmixDefault'
[2022.11.20-03.01.45:621][  0]LogInit: FAudioDevice initialized.
[2022.11.20-03.01.45:623][  0]LogNetVersion: Set ProjectVersion to 1.0.0.0. Version Checksum will be recalculated on next use.
[2022.11.20-03.01.45:691][  0]LogDerivedDataCache: Saved boot cache 0.07s 76MB C:/Users/Cougar/AppData/Local/UnrealEngine/4.25/DerivedDataCache/Boot.ddc.
[2022.11.20-03.01.45:692][  0]LogInit: Texture streaming: Enabled
[2022.11.20-03.01.45:775][  0]LogEngineSessionManager: EngineSessionManager initialized
[2022.11.20-03.01.45:775][  0]LogEditorSessionSummary: Verbose: Initializing EditorSessionSummaryWriter for editor session tracking
[2022.11.20-03.01.45:778][  0]LogEditorSessionSummary: EditorSessionSummaryWriter initialized
[2022.11.20-03.01.45:878][  0]LogInit: Transaction tracking system initialized
[2022.11.20-03.01.46:023][  0]BlueprintLog: New page: Editor Load
[2022.11.20-03.01.46:643][  0]LocalizationService: Localization service is disabled
[2022.11.20-03.01.47:433][  0]LogCook: Display: Max memory allowance for cook 16384mb min free memory 0mb
[2022.11.20-03.01.47:433][  0]LogCook: Display: Mobile HDR setting 1
[2022.11.20-03.01.48:126][  0]LogFileCache: Scanning file cache for directory 'M:/Projects/LearningProject_Cpy/Content/' took 0.07s
[2022.11.20-03.01.48:633][  0]SourceControl: Source control is disabled
[2022.11.20-03.01.48:634][  0]LogUnrealEdMisc: Loading editor; pre map load, took 24.661
[2022.11.20-03.01.48:639][  0]Cmd: MAP LOAD FILE="../../../../../Projects/LearningProject_Cpy/Content/Maps/SunTemple.umap" TEMPLATE=0 SHOWPROGRESS=1 FEATURELEVEL=3
[2022.11.20-03.01.48:643][  0]LightingResults: New page: Lighting Build
[2022.11.20-03.01.48:658][  0]LogWorld: UWorld::CleanupWorld for Untitled, bSessionEnded=true, bCleanupResources=true
[2022.11.20-03.01.48:661][  0]LogSlate: InvalidateAllWidgets triggered.  All widgets were invalidated
[2022.11.20-03.01.48:664][  0]MapCheck: New page: Map Check
[2022.11.20-03.01.48:664][  0]LightingResults: New page: Lighting Build
[2022.11.20-03.01.48:724][  0]LogAISub: UAISubsystem::~UAISubsystem EnvQueryManager (000001D1228EBC00), frame # 0
[2022.11.20-03.01.48:724][  0]LogAISub: UAISubsystem::~UAISubsystem AIPerceptionSystem (000001D1229547C0), frame # 0
[2022.11.20-03.01.48:726][  0]LogUObjectHash: Compacting FUObjectHashTables data took   0.54ms
[2022.11.20-03.01.51:811][  0]LogPackageName: Warning: Asset path "FX_Meshes.UI.SM_SelectionMesh_01" is in short form, which is unsupported and -- even if valid -- resolving it will be really slow.
[2022.11.20-03.01.51:811][  0]LogPackageName: Warning: Please consider resaving package in order to speed-up loading.
[2022.11.20-03.01.52:025][  0]LogPackageName: SearchForPackageOnDisk took   0.214s, but failed to resolve FX_Meshes.
[2022.11.20-03.01.52:025][  0]LogPackageName: Warning: Asset path "FX_Meshes.UI.SM_SelectionMesh_01" could not be resolved.
[2022.11.20-03.01.53:849][  0]LogAIModule: Creating AISystem for world SunTemple
[2022.11.20-03.01.53:849][  0]LogAISub: UAISubsystem::UAISubsystem EnvQueryManager (000001D136209C00), frame # 0
[2022.11.20-03.01.53:849][  0]LogAISub: UAISubsystem::UAISubsystem AIPerceptionSystem (000001D1361E3B00), frame # 0
[2022.11.20-03.01.53:978][  0]LogEditorServer: Finished looking for orphan Actors (0.000 secs)
[2022.11.20-03.01.54:034][  0]LogUObjectHash: Compacting FUObjectHashTables data took   0.90ms
[2022.11.20-03.01.54:039][  0]Cmd: MAP CHECKDEP NOCLEARLOG
[2022.11.20-03.01.54:040][  0]MapCheck: Map check complete: 0 Error(s), 0 Warning(s), took 0.66ms to complete.
[2022.11.20-03.01.54:040][  0]LogFileHelpers: Loading map 'SunTemple' took 5.406
[2022.11.20-03.01.54:120][  0]LogUnrealEdMisc: Total Editor Startup Time, took 30.148
[2022.11.20-03.01.54:377][  0]LogSlate: Updating window title bar state: overlay mode, drag disabled, window buttons hidden, title bar hidden
[2022.11.20-03.01.54:384][  0]LogSlate: Updating window title bar state: overlay mode, drag disabled, window buttons hidden, title bar hidden
[2022.11.20-03.01.54:390][  0]LogSlate: Updating window title bar state: overlay mode, drag disabled, window buttons hidden, title bar hidden
[2022.11.20-03.01.54:396][  0]LogSlate: Updating window title bar state: overlay mode, drag disabled, window buttons hidden, title bar hidden
[2022.11.20-03.01.54:429][  0]LogCollectionManager: Loaded 0 collections in 0.000688 seconds
[2022.11.20-03.01.54:480][  0]LogFileCache: Scanning file cache for directory 'M:/Projects/LearningProject_Cpy/Saved/Collections/' took 0.00s
[2022.11.20-03.01.54:480][  0]LogFileCache: Scanning file cache for directory 'M:/Projects/LearningProject_Cpy/Content/Developers/Cougar/Collections/' took 0.00s
[2022.11.20-03.01.54:480][  0]LogFileCache: Scanning file cache for directory 'M:/Projects/LearningProject_Cpy/Content/Collections/' took 0.00s
[2022.11.20-03.01.54:480][  0]LogContentBrowser: Native class hierarchy populated in 0.0111 seconds. Added 3444 classes and 824 folders.
[2022.11.20-03.01.54:502][  0]LogContentBrowser: Native class hierarchy updated for 'WidgetCarousel' in 0.0004 seconds. Added 0 classes and 0 folders.
[2022.11.20-03.01.54:919][  0]LogContentBrowser: Native class hierarchy updated for 'AddContentDialog' in 0.0004 seconds. Added 0 classes and 0 folders.
[2022.11.20-03.01.54:929][  0]LogContentBrowser: Native class hierarchy updated for 'SceneOutliner' in 0.0007 seconds. Added 2 classes and 0 folders.
[2022.11.20-03.01.55:066][  0]LogSlate: Took 0.004488 seconds to synchronously load lazily loaded font '../../../Engine/Content/Slate/Fonts/Roboto-Regular.ttf' (155K)
[2022.11.20-03.01.55:074][  0]LogSlate: Took 0.005152 seconds to synchronously load lazily loaded font '../../../Engine/Content/Slate/Fonts/Roboto-Bold.ttf' (160K)
[2022.11.20-03.01.55:087][  0]LogSlate: Took 0.005564 seconds to synchronously load lazily loaded font '../../../Engine/Content/Editor/Slate/Fonts/FontAwesome.ttf' (139K)
[2022.11.20-03.01.55:204][  0]LogRenderer: Reallocating scene render targets to support 1732x968 Format 10 NumSamples 1 (Frame:1).
[2022.11.20-03.01.55:442][  0]LogContentBrowser: Native class hierarchy updated for 'HierarchicalLODOutliner' in 0.0004 seconds. Added 0 classes and 0 folders.
[2022.11.20-03.01.55:442][  0]LogLoad: (Engine Initialization) Total time: 31.47 seconds
[2022.11.20-03.01.55:442][  0]LogLoad: (Engine Initialization) Total Blueprint compile time: 0.00 seconds
[2022.11.20-03.01.55:527][  0]LogContentStreaming: Texture pool size now 1000 MB
[2022.11.20-03.01.55:762][  2]LogAssetRegistry: Asset discovery search completed in 19.0469 seconds
[2022.11.20-03.01.55:770][  2]LogCollectionManager: Fixed up redirectors for 0 collections in 0.000560 seconds (updated 0 objects)
[2022.11.20-03.08.08:272][292]LogUObjectHash: Compacting FUObjectHashTables data took   0.73ms
[2022.11.20-03.08.08:353][292]LogSlate: Window 'LearningProject - Unreal Editor' being destroyed
[2022.11.20-03.08.08:528][293]Cmd: QUIT_EDITOR
[2022.11.20-03.08.08:528][293]LogCore: Engine exit requested (reason: UUnrealEdEngine::CloseEditor())
[2022.11.20-03.08.08:535][293]LogCore: Engine exit requested (reason: EngineExit() was called; note: exit was already requested)
[2022.11.20-03.08.08:588][293]LogExit: Preparing to exit.
[2022.11.20-03.08.09:779][293]LogWorld: UWorld::CleanupWorld for World_0, bSessionEnded=true, bCleanupResources=true
[2022.11.20-03.08.09:779][293]LogWorld: UWorld::CleanupWorld for World_1, bSessionEnded=true, bCleanupResources=true
[2022.11.20-03.08.09:805][293]LogDemo: Cleaned up 0 splitscreen connections with owner deletion
[2022.11.20-03.08.09:821][293]LogWorld: UWorld::CleanupWorld for None, bSessionEnded=true, bCleanupResources=true
[2022.11.20-03.08.09:821][293]LogExit: Editor shut down
[2022.11.20-03.08.09:822][293]LogExit: Transaction tracking system shut down
[2022.11.20-03.08.10:084][293]LogAISub: UAISubsystem::~UAISubsystem AISubsystem (000001D11E8F77C0), frame # 1293
[2022.11.20-03.08.10:084][293]LogAISub: UAISubsystem::~UAISubsystem AIPerceptionSystem (000001D11E9242C0), frame # 1293
[2022.11.20-03.08.10:085][293]LogAISub: UAISubsystem::~UAISubsystem EnvQueryManager (000001D11EA42A00), frame # 1293
[2022.11.20-03.08.10:161][293]LogAISub: UAISubsystem::~UAISubsystem EnvQueryManager (000001D136209C00), frame # 1293
[2022.11.20-03.08.10:161][293]LogAISub: UAISubsystem::~UAISubsystem AIPerceptionSystem (000001D1361E3B00), frame # 1293
[2022.11.20-03.08.10:182][293]LogExit: Object subsystem successfully closed.
[2022.11.20-03.08.10:221][293]LogShaderCompilers: Display: Shaders left to compile 0
[2022.11.20-03.08.10:298][293]LogModuleManager: Shutting down and abandoning module HierarchicalLODOutliner (792)
[2022.11.20-03.08.10:298][293]LogModuleManager: Shutting down and abandoning module SceneOutliner (790)
[2022.11.20-03.08.10:298][293]LogModuleManager: Shutting down and abandoning module AddContentDialog (788)
[2022.11.20-03.08.10:299][293]LogModuleManager: Shutting down and abandoning module WidgetCarousel (787)
[2022.11.20-03.08.10:299][293]LogModuleManager: Shutting down and abandoning module EditorWidgets (784)
[2022.11.20-03.08.10:299][293]LogModuleManager: Shutting down and abandoning module CollectionManager (782)
[2022.11.20-03.08.10:300][293]LogModuleManager: Shutting down and abandoning module StatsViewer (780)
[2022.11.20-03.08.10:302][293]LogModuleManager: Shutting down and abandoning module VirtualTexturingEditor (778)
[2022.11.20-03.08.10:302][293]LogModuleManager: Shutting down and abandoning module FoliageEdit (776)
[2022.11.20-03.08.10:303][293]LogModuleManager: Shutting down and abandoning module LandscapeEditor (774)
[2022.11.20-03.08.10:306][293]LogModuleManager: Shutting down and abandoning module MeshPaintMode (772)
[2022.11.20-03.08.10:307][293]LogModuleManager: Shutting down and abandoning module SceneDepthPickerMode (770)
[2022.11.20-03.08.10:307][293]LogModuleManager: Shutting down and abandoning module ActorPickerMode (768)
[2022.11.20-03.08.10:307][293]LogModuleManager: Shutting down and abandoning module PIEPreviewDeviceProfileSelector (766)
[2022.11.20-03.08.10:310][293]LogModuleManager: Shutting down and abandoning module SequenceRecorderSections (764)
[2022.11.20-03.08.10:311][293]LogModuleManager: Shutting down and abandoning module AutomationWorker (762)
[2022.11.20-03.08.10:311][293]LogModuleManager: Shutting down and abandoning module SteamVREditor (760)
[2022.11.20-03.08.10:311][293]LogModuleManager: Shutting down and abandoning module OculusMR (758)
[2022.11.20-03.08.10:312][293]LogModuleManager: Shutting down and abandoning module GooglePADEditor (756)
[2022.11.20-03.08.10:312][293]LogModuleManager: Shutting down and abandoning module AudioCaptureEditor (754)
[2022.11.20-03.08.10:312][293]LogModuleManager: Shutting down and abandoning module TemplateSequenceEditor (752)
[2022.11.20-03.08.10:313][293]LogModuleManager: Shutting down and abandoning module MatineeToLevelSequence (750)
[2022.11.20-03.08.10:313][293]LogModuleManager: Shutting down and abandoning module LevelSequenceEditor (748)
[2022.11.20-03.08.10:315][293]LogModuleManager: Shutting down and abandoning module ActorSequenceEditor (746)
[2022.11.20-03.08.10:316][293]LogModuleManager: Shutting down and abandoning module WmfMediaFactory (744)
[2022.11.20-03.08.10:316][293]LogModuleManager: Shutting down and abandoning module WmfMediaEditor (742)
[2022.11.20-03.08.10:316][293]LogModuleManager: Shutting down and abandoning module WebMMediaFactory (740)
[2022.11.20-03.08.10:316][293]LogModuleManager: Shutting down and abandoning module WebMMediaEditor (738)
[2022.11.20-03.08.10:317][293]LogModuleManager: Shutting down and abandoning module WebMMedia (736)
[2022.11.20-03.08.10:317][293]LogModuleManager: Shutting down and abandoning module MediaPlayerEditor (734)
[2022.11.20-03.08.10:318][293]LogModuleManager: Shutting down and abandoning module MediaCompositingEditor (732)
[2022.11.20-03.08.10:319][293]LogModuleManager: Shutting down and abandoning module SequenceRecorder (731)
[2022.11.20-03.08.10:319][293]LogModuleManager: Shutting down and abandoning module OpenExrWrapper (728)
[2022.11.20-03.08.10:319][293]LogModuleManager: Shutting down and abandoning module ImgMediaFactory (726)
[2022.11.20-03.08.10:319][293]LogModuleManager: Shutting down and abandoning module ImgMediaEditor (724)
[2022.11.20-03.08.10:320][293]LogModuleManager: Shutting down and abandoning module AvfMediaFactory (722)
[2022.11.20-03.08.10:320][293]LogModuleManager: Shutting down and abandoning module AvfMediaEditor (720)
[2022.11.20-03.08.10:320][293]LogModuleManager: Shutting down and abandoning module AndroidMediaFactory (718)
[2022.11.20-03.08.10:320][293]LogModuleManager: Shutting down and abandoning module AndroidMediaEditor (716)
[2022.11.20-03.08.10:320][293]LogModuleManager: Shutting down and abandoning module MagicLeapMediaCodecFactory (714)
[2022.11.20-03.08.10:320][293]LogModuleManager: Shutting down and abandoning module MagicLeapMediaFactory (712)
[2022.11.20-03.08.10:320][293]LogModuleManager: Shutting down and abandoning module MagicLeapMediaEditor (710)
[2022.11.20-03.08.10:320][293]LogModuleManager: Shutting down and abandoning module PlanarCut (708)
[2022.11.20-03.08.10:321][293]LogModuleManager: Shutting down and abandoning module CharacterAI (706)
[2022.11.20-03.08.10:321][293]LogModuleManager: Shutting down and abandoning module TextureAlignMode (704)
[2022.11.20-03.08.10:321][293]LogModuleManager: Shutting down and abandoning module BspMode (702)
[2022.11.20-03.08.10:321][293]LogModuleManager: Shutting down and abandoning module PlacementMode (701)
[2022.11.20-03.08.10:321][293]LogModuleManager: Shutting down and abandoning module GeometryMode (698)
[2022.11.20-03.08.10:321][293]LogModuleManager: Shutting down and abandoning module CameraShakePreviewer (696)
[2022.11.20-03.08.10:323][293]LogModuleManager: Shutting down and abandoning module SmartSnapping (694)
[2022.11.20-03.08.10:323][293]LogModuleManager: Shutting down and abandoning module SessionServices (692)
[2022.11.20-03.08.10:323][293]LogModuleManager: Shutting down and abandoning module MeshPaint (690)
[2022.11.20-03.08.10:324][293]LogModuleManager: Shutting down and abandoning module ViewportSnapping (688)
[2022.11.20-03.08.10:324][293]LogModuleManager: Shutting down and abandoning module ViewportInteraction (686)
[2022.11.20-03.08.10:324][293]LogModuleManager: Shutting down and abandoning module ClothPainter (684)
[2022.11.20-03.08.10:326][293]LogModuleManager: Shutting down and abandoning module SkeletalMeshEditor (683)
[2022.11.20-03.08.10:327][293]LogModuleManager: Shutting down and abandoning module LogVisualizer (680)
[2022.11.20-03.08.10:329][293]LogModuleManager: Shutting down and abandoning module IntroTutorials (678)
[2022.11.20-03.08.10:330][293]LogModuleManager: Shutting down and abandoning module GameProjectGeneration (677)
[2022.11.20-03.08.10:331][293]LogModuleManager: Shutting down and abandoning module LuminPlatformEditor (674)
[2022.11.20-03.08.10:331][293]LogModuleManager: Shutting down and abandoning module IOSPlatformEditor (672)
[2022.11.20-03.08.10:332][293]LogModuleManager: Shutting down and abandoning module AndroidPlatformEditor (670)
[2022.11.20-03.08.10:332][293]LogModuleManager: Shutting down and abandoning module AndroidDeviceDetection (669)
[2022.11.20-03.08.11:214][293]LogModuleManager: Shutting down and abandoning module WindowsPlatformEditor (666)
[2022.11.20-03.08.11:214][293]LogModuleManager: Shutting down and abandoning module LuminRuntimeSettings (664)
[2022.11.20-03.08.11:214][293]LogModuleManager: Shutting down and abandoning module IOSRuntimeSettings (662)
[2022.11.20-03.08.11:214][293]LogModuleManager: Shutting down and abandoning module AndroidRuntimeSettings (660)
[2022.11.20-03.08.11:214][293]LogModuleManager: Shutting down and abandoning module TraceInsights (658)
[2022.11.20-03.08.11:223][293]LogModuleManager: Shutting down and abandoning module TraceServices (657)
[2022.11.20-03.08.11:224][293]LogModuleManager: Shutting down and abandoning module EditorInteractiveToolsFramework (654)
[2022.11.20-03.08.11:225][293]LogModuleManager: Shutting down and abandoning module TimeManagementEditor (652)
[2022.11.20-03.08.11:225][293]LogModuleManager: Shutting down and abandoning module InputBindingEditor (650)
[2022.11.20-03.08.11:225][293]LogModuleManager: Shutting down and abandoning module MergeActors (648)
[2022.11.20-03.08.11:226][293]LogModuleManager: Shutting down and abandoning module LocalizationDashboard (646)
[2022.11.20-03.08.11:227][293]LogModuleManager: Shutting down and abandoning module LocalizationService (645)
[2022.11.20-03.08.11:227][293]LogModuleManager: Shutting down and abandoning module HardwareTargeting (642)
[2022.11.20-03.08.11:227][293]LogModuleManager: Shutting down and abandoning module DeviceProfileEditor (640)
[2022.11.20-03.08.11:228][293]LogModuleManager: Shutting down and abandoning module UndoHistory (638)
[2022.11.20-03.08.11:229][293]LogModuleManager: Shutting down and abandoning module XmlParser (636)
[2022.11.20-03.08.11:229][293]LogModuleManager: Shutting down and abandoning module Blutility (634)
[2022.11.20-03.08.11:229][293]LogModuleManager: Shutting down and abandoning module ProjectSettingsViewer (632)
[2022.11.20-03.08.11:229][293]LogModuleManager: Shutting down and abandoning module ProjectTargetPlatformEditor (631)
[2022.11.20-03.08.11:229][293]LogModuleManager: Shutting down and abandoning module EditorSettingsViewer (628)
[2022.11.20-03.08.11:229][293]LogModuleManager: Shutting down and abandoning module SettingsEditor (626)
[2022.11.20-03.08.11:230][293]LogModuleManager: Shutting down and abandoning module ProjectLauncher (624)
[2022.11.20-03.08.11:231][293]LogModuleManager: Shutting down and abandoning module SessionFrontend (622)
[2022.11.20-03.08.11:231][293]LogModuleManager: Shutting down and abandoning module ProfilerClient (620)
[2022.11.20-03.08.11:232][293]LogModuleManager: Shutting down and abandoning module DeviceManager (618)
[2022.11.20-03.08.11:233][293]LogModuleManager: Shutting down and abandoning module TargetDeviceServices (617)
[2022.11.20-03.08.11:264][293]LogModuleManager: Shutting down and abandoning module AutomationController (614)
[2022.11.20-03.08.11:265][293]LogModuleManager: Shutting down and abandoning module AutomationWindow (612)
[2022.11.20-03.08.11:266][293]LogModuleManager: Shutting down and abandoning module Layers (610)
[2022.11.20-03.08.11:268][293]LogModuleManager: Shutting down and abandoning module ComponentVisualizers (608)
[2022.11.20-03.08.11:268][293]LogModuleManager: Shutting down and abandoning module DetailCustomizations (606)
[2022.11.20-03.08.11:269][293]LogModuleManager: Shutting down and abandoning module PackagesDialog (604)
[2022.11.20-03.08.11:270][293]LogModuleManager: Shutting down and abandoning module AnimationBlueprintEditor (602)
[2022.11.20-03.08.11:273][293]LogModuleManager: Shutting down and abandoning module Persona (600)
[2022.11.20-03.08.11:274][293]LogModuleManager: Shutting down and abandoning module AdvancedPreviewScene (599)
[2022.11.20-03.08.11:274][293]LogModuleManager: Shutting down and abandoning module AnimGraph (597)
[2022.11.20-03.08.11:275][293]LogModuleManager: Shutting down and abandoning module Kismet (594)
[2022.11.20-03.08.11:277][293]LogModuleManager: Shutting down and abandoning module KismetWidgets (593)
[2022.11.20-03.08.11:278][293]LogModuleManager: Shutting down and abandoning module GraphEditor (590)
[2022.11.20-03.08.11:280][293]LogModuleManager: Shutting down and abandoning module StructViewer (588)
[2022.11.20-03.08.11:280][293]LogModuleManager: Shutting down and abandoning module ClassViewer (586)
[2022.11.20-03.08.11:280][293]LogModuleManager: Shutting down and abandoning module Toolbox (584)
[2022.11.20-03.08.11:281][293]LogModuleManager: Shutting down and abandoning module ModuleUI (582)
[2022.11.20-03.08.11:281][293]LogModuleManager: Shutting down and abandoning module OutputLog (580)
[2022.11.20-03.08.11:282][293]LogModuleManager: Shutting down and abandoning module GammaUI (578)
[2022.11.20-03.08.11:283][293]LogModuleManager: Shutting down and abandoning module Documentation (576)
[2022.11.20-03.08.11:283][293]LogModuleManager: Shutting down and abandoning module LiveCoding (574)
[2022.11.20-03.08.11:283][293]LogModuleManager: Shutting down and abandoning module LevelSequence (572)
[2022.11.20-03.08.11:284][293]LogModuleManager: Shutting down and abandoning module MovieSceneTracks (570)
[2022.11.20-03.08.11:284][293]LogModuleManager: Shutting down and abandoning module MovieScene (568)
[2022.11.20-03.08.11:284][293]LogModuleManager: Shutting down and abandoning module StreamingPauseRendering (566)
[2022.11.20-03.08.11:284][293]LogModuleManager: Shutting down and abandoning module LauncherPlatform (564)
[2022.11.20-03.08.11:284][293]LogModuleManager: Shutting down and abandoning module AnalyticsET (562)
[2022.11.20-03.08.11:285][293]LogModuleManager: Shutting down and abandoning module PortalServices (560)
[2022.11.20-03.08.11:285][293]LogModuleManager: Shutting down and abandoning module PortalRpc (558)
[2022.11.20-03.08.11:285][293]LogModuleManager: Shutting down and abandoning module MessagingRpc (556)
[2022.11.20-03.08.11:285][293]LogModuleManager: Shutting down and abandoning module AudioMixerXAudio2 (554)
[2022.11.20-03.08.11:285][293]LogModuleManager: Shutting down and abandoning module AudioMixerCore (553)
[2022.11.20-03.08.11:285][293]LogModuleManager: Shutting down and abandoning module AIModule (550)
[2022.11.20-03.08.11:286][293]LogModuleManager: Shutting down and abandoning module GameplayDebugger (549)
[2022.11.20-03.08.11:286][293]LogModuleManager: Shutting down and abandoning module AITestSuite (547)
[2022.11.20-03.08.11:286][293]LogModuleManager: Shutting down and abandoning module NavigationSystem (545)
[2022.11.20-03.08.11:287][293]LogModuleManager: Shutting down and abandoning module ProfilerService (542)
